<?xml version="1.0" encoding="utf-8"?>
<TestRun id="81002b5a-268d-42bb-8a74-c05dee2a8f75" name="mateus.brandao@BRSAOWN031831 2023-02-18 17:14:48" runUser="STONE\mateus.brandao" xmlns="http://microsoft.com/schemas/VisualStudio/TeamTest/2010">
  <Times creation="2023-02-18T17:14:48.9691723-03:00" queuing="2023-02-18T17:14:48.9691728-03:00" start="2023-02-18T17:14:47.9832053-03:00" finish="2023-02-18T17:14:48.9770894-03:00" />
  <TestSettings name="default" id="55b8f8ff-2f5e-4430-b443-d2b2ec5d0b4b">
    <Deployment runDeploymentRoot="mateus.brandao_BRSAOWN031831_2023-02-18_17_14_48" />
  </TestSettings>
  <Results>
    <UnitTestResult executionId="5d46c41d-aa37-440f-8368-65cbf1ab56a4" testId="d77af664-d342-cadc-18d1-46f88dce233e" testName="Pan.Affiliation.UnitTests.Test.ShouldPass" computerName="BRSAOWN031831" duration="00:00:00.0028737" startTime="2023-02-18T17:14:48.8588899-03:00" endTime="2023-02-18T17:14:48.8589074-03:00" testType="13cdc9d9-ddb5-4fa4-a97d-d965ccfc6d4b" outcome="Passed" testListId="8c84fa94-04c1-424b-9868-57a2d4851a1d" relativeResultsDirectory="5d46c41d-aa37-440f-8368-65cbf1ab56a4" />
  </Results>
  <TestDefinitions>
    <UnitTest name="Pan.Affiliation.UnitTests.Test.ShouldPass" storage="c:\workspace\apps\pan-affiliation\pan-affiliation-api\tests\pan.affiliation.unittests\bin\debug\net6.0\pan.affiliation.unittests.dll" id="d77af664-d342-cadc-18d1-46f88dce233e">
      <Execution id="5d46c41d-aa37-440f-8368-65cbf1ab56a4" />
      <TestMethod codeBase="C:\Workspace\apps\pan-affiliation\pan-affiliation-api\tests\Pan.Affiliation.UnitTests\bin\Debug\net6.0\Pan.Affiliation.UnitTests.dll" adapterTypeName="executor://xunit/VsTestRunner2/netcoreapp" className="Pan.Affiliation.UnitTests.Test" name="ShouldPass" />
    </UnitTest>
  </TestDefinitions>
  <TestEntries>
    <TestEntry testId="d77af664-d342-cadc-18d1-46f88dce233e" executionId="5d46c41d-aa37-440f-8368-65cbf1ab56a4" testListId="8c84fa94-04c1-424b-9868-57a2d4851a1d" />
  </TestEntries>
  <TestLists>
    <TestList name="Results Not in a List" id="8c84fa94-04c1-424b-9868-57a2d4851a1d" />
    <TestList name="All Loaded Results" id="19431567-8539-422a-85d7-44ee4e166bda" />
  </TestLists>
  <ResultSummary outcome="Completed">
    <Counters total="1" executed="1" passed="1" failed="0" error="0" timeout="0" aborted="0" inconclusive="0" passedButRunAborted="0" notRunnable="0" notExecuted="0" disconnected="0" warning="0" completed="0" inProgress="0" pending="0" />
    <Output>
      <StdOut>[xUnit.net 00:00:00.00] xUnit.net VSTest Adapter v2.4.3+1b45f5407b (64-bit .NET 6.0.14)&#xD;
[xUnit.net 00:00:00.35]   Discovering: Pan.Affiliation.UnitTests&#xD;
[xUnit.net 00:00:00.38]   Discovered:  Pan.Affiliation.UnitTests&#xD;
[xUnit.net 00:00:00.38]   Starting:    Pan.Affiliation.UnitTests&#xD;
[xUnit.net 00:00:00.43]   Finished:    Pan.Affiliation.UnitTests&#xD;
</StdOut>
    </Output>
  </ResultSummary>
</TestRun>